[    0.000000] Initializing cgroup subsys cpuset
[    0.000000] Initializing cgroup subsys cpu
[    0.000000] Initializing cgroup subsys cpuacct
[    0.000000] Linux version 4.4.0-57-generic (buildd@lgw01-54) (gcc version 5.4.0 20160609 (Ubuntu 5.4.0-6ubuntu1~16.04.4) ) #78-Ubuntu SMP Fri Dec 9 23:50:32 UTC 2016 (Ubuntu 4.4.0-57.78-generic 4.4.35)
[    0.000000] Command line: BOOT_IMAGE=/boot/vmlinuz-4.4.0-57-generic root=LABEL=cloudimg-rootfs ro console=tty1 console=ttyS0
[    0.000000] KERNEL supported cpus:
[    0.000000]   Intel GenuineIntel
[    0.000000]   AMD AuthenticAMD
[    0.000000]   Centaur CentaurHauls
[    0.000000] x86/fpu: xstate_offset[2]:  576, xstate_sizes[2]:  256
[    0.000000] x86/fpu: Supporting XSAVE feature 0x01: 'x87 floating point registers'
[    0.000000] x86/fpu: Supporting XSAVE feature 0x02: 'SSE registers'
[    0.000000] x86/fpu: Supporting XSAVE feature 0x04: 'AVX registers'
[    0.000000] x86/fpu: Enabled xstate features 0x7, context size is 832 bytes, using 'standard' format.
[    0.000000] x86/fpu: Using 'lazy' FPU context switches.
[    0.000000] e820: BIOS-provided physical RAM map:
[    0.000000] BIOS-e820: [mem 0x0000000000000000-0x000000000009fbff] usable
[    0.000000] BIOS-e820: [mem 0x000000000009fc00-0x000000000009ffff] reserved
[    0.000000] BIOS-e820: [mem 0x00000000000f0000-0x00000000000fffff] reserved
[    0.000000] BIOS-e820: [mem 0x0000000000100000-0x000000003ffeffff] usable
[    0.000000] BIOS-e820: [mem 0x000000003fff0000-0x000000003fffffff] ACPI data
[    0.000000] BIOS-e820: [mem 0x00000000fec00000-0x00000000fec00fff] reserved
[    0.000000] BIOS-e820: [mem 0x00000000fee00000-0x00000000fee00fff] reserved
[    0.000000] BIOS-e820: [mem 0x00000000fffc0000-0x00000000ffffffff] reserved
[    0.000000] NX (Execute Disable) protection: active
[    0.000000] SMBIOS 2.5 present.
[    0.000000] Hypervisor detected: KVM
[    0.000000] e820: last_pfn = 0x3fff0 max_arch_pfn = 0x400000000
[    0.000000] MTRR: Disabled
[    0.000000] x86/PAT: MTRRs disabled, skipping PAT initialization too.
[    0.000000] x86/PAT: Configuration [0-7]: WB  WT  UC- UC  WB  WT  UC- UC  
[    0.000000] CPU MTRRs all blank - virtualized system.
[    0.000000] found SMP MP-table at [mem 0x0009fff0-0x0009ffff] mapped at [ffff88000009fff0]
[    0.000000] Scanning 1 areas for low memory corruption
[    0.000000] RAMDISK: [mem 0x36b5a000-0x375a4fff]
[    0.000000] ACPI: Early table checksum verification disabled
[    0.000000] ACPI: RSDP 0x00000000000E0000 000024 (v02 VBOX  )
[    0.000000] ACPI: XSDT 0x000000003FFF0030 00003C (v01 VBOX   VBOXXSDT 00000001 ASL  00000061)
[    0.000000] ACPI: FACP 0x000000003FFF00F0 0000F4 (v04 VBOX   VBOXFACP 00000001 ASL  00000061)
[    0.000000] ACPI: DSDT 0x000000003FFF0470 00210F (v01 VBOX   VBOXBIOS 00000002 INTL 20100528)
[    0.000000] ACPI: FACS 0x000000003FFF0200 000040
[    0.000000] ACPI: FACS 0x000000003FFF0200 000040
[    0.000000] ACPI: APIC 0x000000003FFF0240 00005C (v02 VBOX   VBOXAPIC 00000001 ASL  00000061)
[    0.000000] ACPI: SSDT 0x000000003FFF02A0 0001CC (v01 VBOX   VBOXCPUT 00000002 INTL 20100528)
[    0.000000] No NUMA configuration found
[    0.000000] Faking a node at [mem 0x0000000000000000-0x000000003ffeffff]
[    0.000000] NODE_DATA(0) allocated [mem 0x3ffeb000-0x3ffeffff]
[    0.000000] kvm-clock: Using msrs 4b564d01 and 4b564d00
[    0.000000] kvm-clock: cpu 0, msr 0:3ffe3001, primary cpu clock
[    0.000000] kvm-clock: using sched offset of 3337935310 cycles
[    0.000000] clocksource: kvm-clock: mask: 0xffffffffffffffff max_cycles: 0x1cd42e4dffb, max_idle_ns: 881590591483 ns
[    0.000000] Zone ranges:
[    0.000000]   DMA      [mem 0x0000000000001000-0x0000000000ffffff]
[    0.000000]   DMA32    [mem 0x0000000001000000-0x000000003ffeffff]
[    0.000000]   Normal   empty
[    0.000000]   Device   empty
[    0.000000] Movable zone start for each node
[    0.000000] Early memory node ranges
[    0.000000]   node   0: [mem 0x0000000000001000-0x000000000009efff]
[    0.000000]   node   0: [mem 0x0000000000100000-0x000000003ffeffff]
[    0.000000] Initmem setup node 0 [mem 0x0000000000001000-0x000000003ffeffff]
[    0.000000] ACPI: PM-Timer IO Port: 0x4008
[    0.000000] IOAPIC[0]: apic_id 2, version 32, address 0xfec00000, GSI 0-23
[    0.000000] ACPI: INT_SRC_OVR (bus 0 bus_irq 0 global_irq 2 dfl dfl)
[    0.000000] ACPI: INT_SRC_OVR (bus 0 bus_irq 9 global_irq 9 high level)
[    0.000000] Using ACPI (MADT) for SMP configuration information
[    0.000000] smpboot: Allowing 2 CPUs, 0 hotplug CPUs
[    0.000000] PM: Registered nosave memory: [mem 0x00000000-0x00000fff]
[    0.000000] PM: Registered nosave memory: [mem 0x0009f000-0x0009ffff]
[    0.000000] PM: Registered nosave memory: [mem 0x000a0000-0x000effff]
[    0.000000] PM: Registered nosave memory: [mem 0x000f0000-0x000fffff]
[    0.000000] e820: [mem 0x40000000-0xfebfffff] available for PCI devices
[    0.000000] Booting paravirtualized kernel on KVM
[    0.000000] clocksource: refined-jiffies: mask: 0xffffffff max_cycles: 0xffffffff, max_idle_ns: 7645519600211568 ns
[    0.000000] setup_percpu: NR_CPUS:512 nr_cpumask_bits:512 nr_cpu_ids:2 nr_node_ids:1
[    0.000000] PERCPU: Embedded 33 pages/cpu @ffff88003fc00000 s98264 r8192 d28712 u1048576
[    0.000000] PV qspinlock hash table entries: 256 (order: 0, 4096 bytes)
[    0.000000] Built 1 zonelists in Node order, mobility grouping on.  Total pages: 257913
[    0.000000] Policy zone: DMA32
[    0.000000] Kernel command line: BOOT_IMAGE=/boot/vmlinuz-4.4.0-57-generic root=LABEL=cloudimg-rootfs ro console=tty1 console=ttyS0
[    0.000000] PID hash table entries: 4096 (order: 3, 32768 bytes)
[    0.000000] Memory: 1002044K/1048120K available (8432K kernel code, 1291K rwdata, 3960K rodata, 1484K init, 1316K bss, 46076K reserved, 0K cma-reserved)
[    0.000000] SLUB: HWalign=64, Order=0-3, MinObjects=0, CPUs=2, Nodes=1
[    0.000000] Hierarchical RCU implementation.
[    0.000000] 	Build-time adjustment of leaf fanout to 64.
[    0.000000] 	RCU restricting CPUs from NR_CPUS=512 to nr_cpu_ids=2.
[    0.000000] RCU: Adjusting geometry for rcu_fanout_leaf=64, nr_cpu_ids=2
[    0.000000] NR_IRQS:33024 nr_irqs:440 16
[    0.000000] Console: colour VGA+ 80x25
[    0.000000] console [tty1] enabled
[    0.000000] console [ttyS0] enabled
[    0.000000] tsc: Detected 2495.342 MHz processor
[    0.000000] tsc: Marking TSC unstable due to TSCs unsynchronized
[    0.012000] Calibrating delay loop (skipped) preset value.. 4990.68 BogoMIPS (lpj=9981368)
[    0.016013] pid_max: default: 32768 minimum: 301
[    0.020019] ACPI: Core revision 20150930
[    0.025143] ACPI: 2 ACPI AML tables successfully acquired and loaded
[    0.035119] Security Framework initialized
[    0.036007] Yama: becoming mindful.
[    0.040032] AppArmor: AppArmor initialized
[    0.044106] Dentry cache hash table entries: 131072 (order: 8, 1048576 bytes)
[    0.048248] Inode-cache hash table entries: 65536 (order: 7, 524288 bytes)
[    0.056082] Mount-cache hash table entries: 2048 (order: 2, 16384 bytes)
[    0.060013] Mountpoint-cache hash table entries: 2048 (order: 2, 16384 bytes)
[    0.064196] Initializing cgroup subsys io
[    0.068009] Initializing cgroup subsys memory
[    0.072013] Initializing cgroup subsys devices
[    0.076015] Initializing cgroup subsys freezer
[    0.080020] Initializing cgroup subsys net_cls
[    0.084017] Initializing cgroup subsys perf_event
[    0.088020] Initializing cgroup subsys net_prio
[    0.092025] Initializing cgroup subsys hugetlb
[    0.096015] Initializing cgroup subsys pids
[    0.100174] CPU: Physical Processor ID: 0
[    0.104010] CPU: Processor Core ID: 0
[    0.108015] mce: CPU supports 0 MCE banks
[    0.112115] Last level iTLB entries: 4KB 512, 2MB 1024, 4MB 512
[    0.116015] Last level dTLB entries: 4KB 1024, 2MB 1024, 4MB 512, 1GB 0
[    0.124056] Freeing SMP alternatives memory: 32K (ffffffff820b7000 - ffffffff820bf000)
[    0.139113] ftrace: allocating 32063 entries in 126 pages
[    0.152094] smpboot: APIC(0) Converting physical 0 to logical package 0
[    0.156009] smpboot: Max logical packages: 1
[    0.160389] x2apic enabled
[    0.164006] Switched APIC routing to physical x2apic.
[    0.169547] ..TIMER: vector=0x30 apic1=0 pin1=2 apic2=-1 pin2=-1
[    0.176000] APIC calibration not consistent with PM-Timer: 98ms instead of 100ms
[    0.176000] APIC delta adjusted to PM-Timer: 6319975 (6250164)
[    0.176069] smpboot: CPU0: AMD A10-5757M APU with Radeon(tm) HD Graphics (family: 0x15, model: 0x13, stepping: 0x1)
[    0.192017] Performance Events: Broken PMU hardware detected, using software events only.
[    0.200006] Failed to access perfctr msr (MSR c0010007 is 0)
[    0.204042] KVM setup paravirtual spinlock
[    0.209219] x86: Booting SMP configuration:
[    0.212009] .... node  #0, CPUs:      #1
[    0.012000] kvm-clock: cpu 1, msr 0:3ffe3041, secondary cpu clock
[    0.012000] mce: CPU supports 0 MCE banks
[    0.299099] x86: Booted up 1 node, 2 CPUs
[    0.304004] smpboot: Total of 2 processors activated (9981.36 BogoMIPS)
[    0.308385] devtmpfs: initialized
[    0.316592] evm: security.selinux
[    0.320009] evm: security.SMACK64
[    0.324010] evm: security.SMACK64EXEC
[    0.328006] evm: security.SMACK64TRANSMUTE
[    0.332002] evm: security.SMACK64MMAP
[    0.336002] evm: security.ima
[    0.340002] evm: security.capability
[    0.350778] clocksource: jiffies: mask: 0xffffffff max_cycles: 0xffffffff, max_idle_ns: 7645041785100000 ns
[    0.352104] pinctrl core: initialized pinctrl subsystem
[    0.360075] RTC time: 19:40:22, date: 01/11/17
[    0.364223] NET: Registered protocol family 16
[    0.380022] cpuidle: using governor ladder
[    0.396023] cpuidle: using governor menu
[    0.400020] PCCT header not found.
[    0.408258] ACPI: bus type PCI registered
[    0.412004] acpiphp: ACPI Hot Plug PCI Controller Driver version: 0.5
[    0.416137] PCI: Using configuration type 1 for base access
[    0.420004] PCI: Using configuration type 1 for extended access
[    0.440170] ACPI: Added _OSI(Module Device)
[    0.444016] ACPI: Added _OSI(Processor Device)
[    0.448002] ACPI: Added _OSI(3.0 _SCP Extensions)
[    0.452002] ACPI: Added _OSI(Processor Aggregator Device)
[    0.460632] ACPI: Executed 1 blocks of module-level executable AML code
[    0.474196] ACPI: Interpreter enabled
[    0.476014] ACPI: (supports S0 S5)
[    0.480003] ACPI: Using IOAPIC for interrupt routing
[    0.484203] PCI: Using host bridge windows from ACPI; if necessary, use "pci=nocrs" and report a bug
[    0.492514] ACPI: PCI Root Bridge [PCI0] (domain 0000 [bus 00-ff])
[    0.496007] acpi PNP0A03:00: _OSC: OS supports [ExtendedConfig ASPM ClockPM Segments MSI]
[    0.500010] acpi PNP0A03:00: _OSC failed (AE_NOT_FOUND); disabling ASPM
[    0.508306] PCI host bridge to bus 0000:00
[    0.512004] pci_bus 0000:00: root bus resource [io  0x0000-0x0cf7 window]
[    0.516004] pci_bus 0000:00: root bus resource [io  0x0d00-0xffff window]
[    0.520010] pci_bus 0000:00: root bus resource [mem 0x000a0000-0x000bffff window]
[    0.524010] pci_bus 0000:00: root bus resource [mem 0x40000000-0xffdfffff window]
[    0.528015] pci_bus 0000:00: root bus resource [bus 00-ff]
[    0.538389] pci 0000:00:01.1: legacy IDE quirk: reg 0x10: [io  0x01f0-0x01f7]
[    0.540012] pci 0000:00:01.1: legacy IDE quirk: reg 0x14: [io  0x03f6]
[    0.544011] pci 0000:00:01.1: legacy IDE quirk: reg 0x18: [io  0x0170-0x0177]
[    0.548005] pci 0000:00:01.1: legacy IDE quirk: reg 0x1c: [io  0x0376]
[    0.585218] pci 0000:00:07.0: quirk: [io  0x4000-0x403f] claimed by PIIX4 ACPI
[    0.588018] pci 0000:00:07.0: quirk: [io  0x4100-0x410f] claimed by PIIX4 SMB
[    0.605099] ACPI: PCI Interrupt Link [LNKA] (IRQs 5 9 10 *11)
[    0.624282] ACPI: PCI Interrupt Link [LNKB] (IRQs 5 9 10 *11)
[    0.636673] ACPI: PCI Interrupt Link [LNKC] (IRQs 5 9 *10 11)
[    0.644604] ACPI: PCI Interrupt Link [LNKD] (IRQs 5 *9 10 11)
[    0.656632] ACPI: Enabled 2 GPEs in block 00 to 07
[    0.660165] vgaarb: setting as boot device: PCI:0000:00:02.0
[    0.664000] vgaarb: device added: PCI:0000:00:02.0,decodes=io+mem,owns=io+mem,locks=none
[    0.664007] vgaarb: loaded
[    0.668003] vgaarb: bridge control possible 0000:00:02.0
[    0.672306] SCSI subsystem initialized
[    0.680059] ACPI: bus type USB registered
[    0.684034] usbcore: registered new interface driver usbfs
[    0.688014] usbcore: registered new interface driver hub
[    0.696009] usbcore: registered new device driver usb
[    0.700106] PCI: Using ACPI for IRQ routing
[    0.708046] NetLabel: Initializing
[    0.712008] NetLabel:  domain hash size = 128
[    0.716006] NetLabel:  protocols = UNLABELED CIPSOv4
[    0.720033] NetLabel:  unlabeled traffic allowed by default
[    0.724087] amd_nb: Cannot enumerate AMD northbridges
[    0.728152] clocksource: Switched to clocksource kvm-clock
[    0.834875] AppArmor: AppArmor Filesystem Enabled
[    0.927107] pnp: PnP ACPI init
[    0.951320] pnp: PnP ACPI: found 3 devices
[    1.023672] clocksource: acpi_pm: mask: 0xffffff max_cycles: 0xffffff, max_idle_ns: 2085701024 ns
[    1.131730] NET: Registered protocol family 2
[    1.173885] TCP established hash table entries: 8192 (order: 4, 65536 bytes)
[    1.265138] TCP bind hash table entries: 8192 (order: 5, 131072 bytes)
[    1.366941] TCP: Hash tables configured (established 8192 bind 8192)
[    1.442527] UDP hash table entries: 512 (order: 2, 16384 bytes)
[    1.516708] UDP-Lite hash table entries: 512 (order: 2, 16384 bytes)
[    1.589787] NET: Registered protocol family 1
[    1.591666] pci 0000:00:00.0: Limiting direct PCI/PCI transfers
[    1.600572] pci 0000:00:01.0: Activating ISA DMA hang workarounds
[    1.643111] Trying to unpack rootfs image as initramfs...
[    3.719278] Freeing initrd memory: 10540K (ffff880036b5a000 - ffff8800375a5000)
[    3.756330] clocksource: tsc: mask: 0xffffffffffffffff max_cycles: 0x23f809b7316, max_idle_ns: 440795259199 ns
[    3.760409] platform rtc_cmos: registered platform RTC device (no PNP device found)
[    3.760452] Scanning for low memory corruption every 60 seconds
[    3.760902] futex hash table entries: 512 (order: 3, 32768 bytes)
[    3.760931] audit: initializing netlink subsys (disabled)
[    3.760954] audit: type=2000 audit(1484163621.944:1): initialized
[    3.761288] Initialise system trusted keyring
[    3.761391] HugeTLB registered 2 MB page size, pre-allocated 0 pages
[    3.764244] zbud: loaded
[    3.764579] VFS: Disk quotas dquot_6.6.0
[    3.764634] VFS: Dquot-cache hash table entries: 512 (order 0, 4096 bytes)
[    3.765100] squashfs: version 4.0 (2009/01/31) Phillip Lougher
[    3.765513] fuse init (API version 7.23)
[    3.765716] Key type big_key registered
[    3.765735] Allocating IMA MOK and blacklist keyrings.
[    3.766174] Key type asymmetric registered
[    3.766177] Asymmetric key parser 'x509' registered
[    3.766239] Block layer SCSI generic (bsg) driver version 0.4 loaded (major 249)
[    3.766287] io scheduler noop registered
[    3.766290] io scheduler deadline registered (default)
[    3.766344] io scheduler cfq registered
[    3.766483] pci_hotplug: PCI Hot Plug PCI Core version: 0.5
[    3.766491] pciehp: PCI Express Hot Plug Controller Driver version: 0.4
[    3.766676] ACPI: AC Adapter [AC] (on-line)
[    3.766757] input: Power Button as /devices/LNXSYSTM:00/LNXPWRBN:00/input/input0
[    3.766761] ACPI: Power Button [PWRF]
[    3.766869] input: Sleep Button as /devices/LNXSYSTM:00/LNXSLPBN:00/input/input1
[    3.766871] ACPI: Sleep Button [SLPF]
[    3.767085] GHES: HEST is not enabled!
[    3.767204] Serial: 8250/16550 driver, 32 ports, IRQ sharing enabled
[    3.875582] 00:02: ttyS0 at I/O 0x3f8 (irq = 4, base_baud = 115200) is a 16550A
[    4.038418] Linux agpgart interface v0.103
[    4.192758] ACPI: Battery Slot [BAT0] (battery present)
[    4.235772] brd: module loaded
[    4.236987] loop: module loaded
[    4.237726] scsi host0: ata_piix
[    4.237806] scsi host1: ata_piix
[    4.237851] ata1: PATA max UDMA/33 cmd 0x1f0 ctl 0x3f6 bmdma 0xd000 irq 14
[    4.237852] ata2: PATA max UDMA/33 cmd 0x170 ctl 0x376 bmdma 0xd008 irq 15
[    4.237965] libphy: Fixed MDIO Bus: probed
[    4.237968] tun: Universal TUN/TAP device driver, 1.6
[    4.237968] tun: (C) 1999-2004 Max Krasnyansky <maxk@qualcomm.com>
[    4.238379] PPP generic driver version 2.4.2
[    4.238446] ehci_hcd: USB 2.0 'Enhanced' Host Controller (EHCI) Driver
[    4.238450] ehci-pci: EHCI PCI platform driver
[    4.238462] ehci-platform: EHCI generic platform driver
[    4.238472] ohci_hcd: USB 1.1 'Open' Host Controller (OHCI) Driver
[    4.238476] ohci-pci: OHCI PCI platform driver
[    4.238488] ohci-platform: OHCI generic platform driver
[    4.238499] uhci_hcd: USB Universal Host Controller Interface driver
[    4.238566] i8042: PNP: PS/2 Controller [PNP0303:PS2K,PNP0f03:PS2M] at 0x60,0x64 irq 1,12
[    4.239178] serio: i8042 KBD port at 0x60,0x64 irq 1
[    4.239182] serio: i8042 AUX port at 0x60,0x64 irq 12
[    4.239317] mousedev: PS/2 mouse device common for all mice
[    4.239687] input: AT Translated Set 2 keyboard as /devices/platform/i8042/serio0/input/input2
[    4.240143] rtc_cmos rtc_cmos: rtc core: registered rtc_cmos as rtc0
[    4.240225] rtc_cmos rtc_cmos: alarms up to one day, 114 bytes nvram
[    4.240231] i2c /dev entries driver
[    4.240291] device-mapper: uevent: version 1.0.3
[    4.240359] device-mapper: ioctl: 4.34.0-ioctl (2015-10-28) initialised: dm-devel@redhat.com
[    4.240374] ledtrig-cpu: registered to indicate activity on CPUs
[    4.241034] NET: Registered protocol family 10
[    4.241204] NET: Registered protocol family 17
[    4.241214] Key type dns_resolver registered
[    4.241379] microcode: CPU0: patch_level=0x06000626
[    4.237080] microcode: CPU1: patch_level=0x06000626
[    4.296787] microcode: Microcode Update Driver: v2.01 <tigran@aivazian.fsnet.co.uk>, Peter Oruba
[    4.296947] registered taskstats version 1
[    4.296964] Loading compiled-in X.509 certificates
[    4.297878] Loaded X.509 cert 'Build time autogenerated kernel key: a2268f7e4ca1e818c997a5071614f42c2a90855b'
[    4.297901] zswap: loaded using pool lzo/zbud
[    4.299632] Key type trusted registered
[    4.302348] Key type encrypted registered
[    4.302353] AppArmor: AppArmor sha1 policy hashing enabled
[    4.302356] ima: No TPM chip found, activating TPM-bypass!
[    4.302377] evm: HMAC attrs: 0x1
[    4.302670]   Magic number: 1:942:697
[    4.316256] rtc_cmos rtc_cmos: setting system clock to 2017-01-11 19:40:28 UTC (1484163628)
[    4.316351] BIOS EDD facility v0.16 2004-Jun-25, 0 devices found
[    4.316351] EDD information not available.
[    7.560763] Freeing unused kernel memory: 1484K (ffffffff81f44000 - ffffffff820b7000)
[    7.591846] Write protecting the kernel read-only data: 14336k
[    7.620565] Freeing unused kernel memory: 1796K (ffff88000183f000 - ffff880001a00000)
[    7.638804] Freeing unused kernel memory: 136K (ffff880001dde000 - ffff880001e00000)
Loading, please [    7.668071] random: systemd-udevd: uninitialized urandom read (16 bytes read, 4 bits of entropy available)
wait...
starting version 229
[    7.669154] random: udevadm: uninitialized urandom read (16 bytes read, 4 bits of entropy available)
[    7.669214] random: udevadm: uninitialized urandom read (16 bytes read, 4 bits of entropy available)
[    7.669425] random: udevadm: uninitialized urandom read (16 bytes read, 4 bits of entropy available)
[    7.669503] random: udevadm: uninitialized urandom read (16 bytes read, 4 bits of entropy available)
[    7.669578] random: udevadm: uninitialized urandom read (16 bytes read, 4 bits of entropy available)
[    7.669653] random: udevadm: uninitialized urandom read (16 bytes read, 4 bits of entropy available)
[    7.669730] random: udevadm: uninitialized urandom read (16 bytes read, 4 bits of entropy available)
[    7.669830] random: udevadm: uninitialized urandom read (16 bytes read, 4 bits of entropy available)
[    7.669909] random: udevadm: uninitialized urandom read (16 bytes read, 4 bits of entropy available)
[    8.229354] e1000: Intel(R) PRO/1000 Network Driver - version 7.3.21-k8-NAPI
[    8.229355] Fusion MPT base driver 3.04.20
[    8.229357] Copyright (c) 1999-2008 LSI Corporation
[    8.287715] e1000: Copyright (c) 1999-2006 Intel Corporation.
[    8.300709] Fusion MPT SPI Host driver 3.04.20
[    8.369528] mptbase: ioc0: Initiating bringup
[    8.520075] AVX version of gcm_enc/dec engaged.
[    8.552719] AES CTR mode by8 optimization enabled
[    8.565973] input: ImExPS/2 Generic Explorer Mouse as /devices/platform/i8042/serio1/input/input4
[    8.572572] ioc0: LSI53C1030 A0: Capabilities={Initiator}
[    8.734073] scsi host2: ioc0: LSI53C1030 A0, FwRev=00000000h, Ports=1, MaxQ=256, IRQ=20
[    8.846526] scsi 2:0:0:0: Direct-Access     VBOX     HARDDISK         1.0  PQ: 0 ANSI: 5
[    8.846535] scsi target2:0:0: Beginning Domain Validation
[    8.848828] scsi target2:0:0: Domain Validation skipping write tests
[    8.848829] scsi target2:0:0: Ending Domain Validation
[    8.848897] scsi target2:0:0: asynchronous
[    8.850437] scsi 2:0:1:0: Direct-Access     VBOX     HARDDISK         1.0  PQ: 0 ANSI: 5
[    8.850443] scsi target2:0:1: Beginning Domain Validation
[    8.851684] scsi target2:0:1: Domain Validation skipping write tests
[    8.851686] scsi target2:0:1: Ending Domain Validation
[    8.851752] scsi target2:0:1: asynchronous
[    9.258655] e1000 0000:00:03.0 eth0: (PCI:33MHz:32-bit) 02:51:94:fb:32:e8
[    9.258660] e1000 0000:00:03.0 eth0: Intel(R) PRO/1000 Network Connection
[    9.866799] sd 2:0:0:0: Attached scsi generic sg0 type 0
[    9.893411] sd 2:0:1:0: Attached scsi generic sg1 type 0
[    9.906367] e1000 0000:00:03.0 enp0s3: renamed from eth0
[   10.020233] sd 2:0:0:0: [sda] 20971520 512-byte logical blocks: (10.7 GB/10.0 GiB)
[   10.148298] sd 2:0:1:0: [sdb] 20480 512-byte logical blocks: (10.5 MB/10.0 MiB)
[   10.156220] sd 2:0:0:0: [sda] Write Protect is off
[   10.158985] sd 2:0:0:0: [sda] Incomplete mode parameter data
[   10.158987] sd 2:0:0:0: [sda] Assuming drive cache: write through
[   10.163891]  sda: sda1
[   10.164769] sd 2:0:0:0: [sda] Attached SCSI disk
[   10.283321] sd 2:0:1:0: [sdb] Write Protect is off
[   10.306102] sd 2:0:1:0: [sdb] Incomplete mode parameter data
[   10.323265] sd 2:0:1:0: [sdb] Assuming drive cache: write through
[   10.332046] sd 2:0:1:0: [sdb] Attached SCSI disk
[   11.307114] floppy0: no floppy controllers found
[   11.311074] work still pending
Begin: Loading e[   12.861080] md: linear personality registered for level -1
ssential drivers[   13.007639] md: multipath personality registered for level -4
 ... [   13.075711] md: raid0 personality registered for level 0
[   13.093701] md: raid1 personality registered for level 1
[   13.176040] raid6: sse2x1   gen()  3568 MB/s
[   13.328037] raid6: sse2x1   xor()  2130 MB/s
[   13.476299] raid6: sse2x2   gen()  4496 MB/s
[   13.576272] raid6: sse2x2   xor()  2765 MB/s
[   13.676313] raid6: sse2x4   gen()  5424 MB/s
[   13.804716] raid6: sse2x4   xor()  1828 MB/s
[   13.867541] raid6: using algorithm sse2x4 gen() 5424 MB/s
[   13.933707] raid6: .... xor() 1828 MB/s, rmw enabled
[   14.020628] raid6: using ssse3x2 recovery algorithm
[   14.101511] xor: automatically using best checksumming function:
[   14.160415]    avx       :  3820.000 MB/sec
[   14.185901] async_tx: api initialized (async)
[   14.196950] md: raid6 personality registered for level 6
[   14.364834] md: raid5 personality registered for level 5
[   14.460778] md: raid4 personality registered for level 4
[   14.572153] md: raid10 personality registered for level 10
done.
Begin: Running /scripts/init-premount ... done.[   14.610656] Btrfs loaded

Begin: Mounting root file system ... Begin: Running /scripts/lo[   14.693091] EXT4-fs (sda1): mounted filesystem with ordered data mode. Opts: (null)
cal-top ... done.
Begin: Running /scripts/local-premount ... Scanning for Btrfs filesystems
done.
Warning: fsck not present, so skipping root file system
done.
Begin: Running /scripts/local-bottom ... done.
Begin: Running /scripts/init-bottom ... done.
[   14.918806] systemd[1]: systemd 229 running in system mode. (+PAM +AUDIT +SELINUX +IMA +APPARMOR +SMACK +SYSVINIT +UTMP +LIBCRYPTSETUP +GCRYPT +GNUTLS +ACL +XZ -LZ4 +SECCOMP +BLKID +ELFUTILS +KMOD -IDN)
[   15.231009] systemd[1]: Detected virtualization oracle.
[   15.260566] systemd[1]: Detected architecture x86-64.

Welcome to [1mUbuntu 16.04.1 LTS[0m!

[   15.325407] systemd[1]: Set hostname to <ubuntu>.
[   15.368563] systemd[1]: Initializing machine ID from random generator.
[   15.395081] systemd[1]: Installed transient /etc/machine-id file.
[   15.555177] systemd[1]: Created slice User and Session Slice.
[[0;32m  OK  [0m] Created slice User and Session Slice.
[   15.776546] systemd[1]: Started Forward Password Requests to Wall Directory Watch.
[[0;32m  OK  [0m] Started Forward Password Requests to Wall Directory Watch.
[   15.964940] systemd[1]: Listening on Journal Socket (/dev/log).
[[0;32m  OK  [0m] Listening on Journal Socket (/dev/log).
[   16.193021] systemd[1]: Listening on Device-mapper event daemon FIFOs.
[[0;32m  OK  [0m] Listening on Device-mapper event daemon FIFOs.
[   16.384501] systemd[1]: Listening on Syslog Socket.
[[0;32m  OK  [0m] Listening on Syslog Socket.
[   16.468485] systemd[1]: Listening on udev Control Socket.
[[0;32m  OK  [0m] Listening on udev Control Socket.
[   16.617058] systemd[1]: Listening on /dev/initctl Compatibility Named Pipe.
[[0;32m  OK  [0m] Listening on /dev/initctl Compatibility Named Pipe.
[   16.777009] systemd[1]: Reached target Swap.
[[0;32m  OK  [0m] Reached target Swap.
[   16.791080] systemd[1]: Set up automount Arbitrary Executable File Formats File System Automount Point.
[[0;32m  OK  [0m] Set up automount Arbitrary Executab...ats File System Automount Point.
[   16.900468] systemd[1]: Listening on LVM2 metadata daemon socket.
[[0;32m  OK  [0m] Listening on LVM2 metadata daemon socket.
[   17.088871] systemd[1]: Reached target Encrypted Volumes.
[[0;32m  OK  [0m] Reached target Encrypted Volumes.
[   17.304641] systemd[1]: Listening on Journal Socket.
[[0;32m  OK  [0m] Listening on Journal Socket.
[   17.430511] systemd[1]: Listening on udev Kernel Socket.
[[0;32m  OK  [0m] Listening on udev Kernel Socket.
[   17.544712] systemd[1]: Reached target User and Group Name Lookups.
[[0;32m  OK  [0m] Reached target User and Group Name Lookups.
[   17.673235] systemd[1]: Listening on LVM2 poll daemon socket.
[[0;32m  OK  [0m] Listening on LVM2 poll daemon socket.
[   17.829485] systemd[1]: Created slice System Slice.
[[0;32m  OK  [0m] Created slice System Slice.
[   17.920949] systemd[1]: Starting Nameserver information manager...
         Starting Nameserver information manager...
[   18.149529] systemd[1]: Reached target Slices.
[[0;32m  OK  [0m] Reached target Slices.
[   18.325456] systemd[1]: Created slice system-serial\x2dgetty.slice.
[[0;32m  OK  [0m] Created slice system-serial\x2dgetty.slice.
[   18.600655] systemd[1]: Starting Remount Root and Kernel File Systems...
         [   18.643866] EXT4-fs (sda1): re-mounted. Opts: (null)
Starting Remount Root and Kernel File Systems...
[   18.728612] systemd[1]: Mounting POSIX Message Queue File System...
         Mounting POSIX Message Queue File System...
[   18.824670] systemd[1]: Mounting Huge Pages File System...
         Mounting Huge Pages File System...
[   18.893297] systemd[1]: Starting Set console keymap...
         Starting Set console keymap...
[   19.037467] systemd[1]: Starting Monitoring of LVM2 mirrors, snapshots etc. using dmeventd or progress polling...
[   19.038659] random: nonblocking pool is initialized
         Starting Monitoring of LVM2 mirrors... dmeventd or progress polling...
[   19.460909] systemd[1]: Starting Load Kernel Modules...
         [   19.553986] Loading iSCSI transport class v2.0-870.
Starting Load Ke[   19.612507] iscsi: registered transport (tcp)
rnel Modules...
[   19.742202] iscsi: registered transport (iser)
[   19.812705] systemd[1]: Mounting Debug File System...
         Mounting Debug File System...
[   19.944440] systemd[1]: Starting Create list of required static device nodes for the current kernel...
         Starting Create list of required st... nodes for the current kernel...
[   20.049011] systemd[1]: Starting Uncomplicated firewall...
         Starting Uncomplicated firewall...
[   20.196762] systemd[1]: Listening on Journal Audit Socket.
[[0;32m  OK  [0m] Listening on Journal Audit Socket.
[   20.324914] systemd[1]: Starting Journal Service...
         Starting Journal Service...
[   20.414359] systemd[1]: Mounted Huge Pages File System.
[[0;32m  OK  [0m] Mounted Huge Pages File System.
[   20.581171] systemd[1]: Mounted Debug File System.
[[0;32m  OK  [0m] Mounted Debug File System.
[   20.741993] systemd[1]: Mounted POSIX Message Queue File System.
[[0;32m  OK  [0m] Mounted POSIX Message Queue File System.
[   20.888677] systemd[1]: Started Journal Service.
[[0;32m  OK  [0m] Started Journal Service.
[[0;32m  OK  [0m] Started Remount Root and Kernel File Systems.
[[0;32m  OK  [0m] Started Set console keymap.
[[0;32m  OK  [0m] Started Load Kernel Modules.
[[0;32m  OK  [0m] Started Create list of required sta...ce nodes for the current kernel.
[[0;32m  OK  [0m] Started Uncomplicated firewall.
[[0;32m  OK  [0m] Started Nameserver information manager.
[[0;32m  OK  [0m] Started LVM2 metadata daemon.
         Starting Create Static Device Nodes in /dev...
         Mounting FUSE Control File System...
         Starting Apply Kernel Variables...
         Starting udev Coldplug all Devices...
         Starting Initial cloud-init job (pre-networking)...
         Starting Load/Save Random Seed...
         Starting Flush Journal to Persistent Storage...
[[0;32m  OK  [0m] Mounted FUSE Control File System.
[[0;32m  OK  [0m] Started Monitoring of LVM2 mirrors,...ng dmeventd or progress polling.
[[0;32m  OK  [0m] Started Create Static Device Nodes in /dev.
[[0;32m  OK  [0m] Started Apply Kernel Variables.
[[0;32m  OK  [0m] Started Load/Save Random Seed.
[[0;32m  OK  [0m] Started udev Coldplug all Devices.
[[0;32m  OK  [0m] Started Flush Journal to Persistent Storage.
         Starting udev Kernel Device Manager...
[[0;32m  OK  [0m] Started udev Kernel Device Manager.
[[0;32m  OK  [0m] Reached target Local File Systems (Pre).
[[0;32m  OK  [0m] Reached target Local File Systems.
         Starting Tell Plymouth To Write Out Runtime Data...
         Starting Commit a transient machine-id on disk...
         Starting Create Volatile Files and Directories...
         Starting LSB: AppArmor initialization...
         Starting Set console font and keymap...
[[0;32m  OK  [0m] Started Dispatch Password Requests to Console Directory Watch.
[[0;32m  OK  [0m] Started Tell Plymouth To Write Out Runtime Data.
[[0;32m  OK  [0m] Started Commit a transient machine-id on disk.
[[0;32m  OK  [0m] Started Create Volatile Files and Directories.
[[0;32m  OK  [0m] Found device /dev/ttyS0.
[[0;32m  OK  [0m] Reached target System Time Synchronized.
[   23.548348] cloud-init[485]: Cloud-init v. 0.7.8 running 'init-local' at Wed, 11 Jan 2017 19:40:46 +0000. Up 22.73 seconds.
         Starting Update UTMP about System Boot/Shutdown...
[[0;32m  OK  [0m] Started Set console font and keymap.
[[0;32m  OK  [0m] Started Initial cloud-init job (pre-networking).
[[0;32m  OK  [0m] Listening on Load/Save RF Kill Switch Status /dev/rfkill Watch.
[[0;32m  OK  [0m] Reached target Network (Pre).
[[0;32m  OK  [0m] Created slice system-getty.slice.
[[0;32m  OK  [0m] Started Update UTMP about System Boot/Shutdown.
[[0;32m  OK  [0m] Started LSB: AppArmor initialization.
         Starting Raise network interfaces...
[[0;32m  OK  [0m] Started Raise network interfaces.
[[0;32m  OK  [0m] Reached target Network.
         Starting Initial cloud-init job (metadata service crawler)...
[   27.143227] cloud-init[1029]: Cloud-init v. 0.7.8 running 'init' at Wed, 11 Jan 2017 19:40:50 +0000. Up 26.40 seconds.
[   27.284587] cloud-init[1029]: ci-info: +++++++++++++++++++++++++++++++++++++Net device info++++++++++++++++++++++++++++++++++++++
[   27.284997] cloud-init[1029]: ci-info: +--------+------+----------------------------+---------------+-------+-------------------+
[[0;32m  OK  [0m] Started Initial cloud-init job (metadata service crawler).
[[0;32m  OK  [0m] Reached target Cloud-config availability.
[[0;32m  OK  [0m] Reached target System Initialization.
[[0;32m  OK  [0m] Listening on D-Bus System Message Bus Socket.
         Starting Socket activation for snappy daemon.
[[0;32m  OK  [0m] Listening on ACPID Listen Socket.
[[0;32m  OK  [0m] Started Daily apt activities.
[   27.285164] cloud-init[1029]: ci-info: | Device |  Up  |          Address           |      Mask     | Scope |     Hw-Address    |
[   27.379283] cloud-init[1029]: ci-info: +--------+------+----------------------------+---------------+-------+-------------------+
[   27.382715] cloud-init[1029]: ci-info: | enp0s3 | True |         10.0.2.15          | 255.255.255.0 |   .   | 02:51:94:fb:32:e8 |
[   27.385920] cloud-init[1029]: ci-info: | enp0s3 | True | fe80::51:94ff:fefb:32e8/64 |       .       |  link | 02:51:94:fb:32:e8 |
[   27.425897] cloud-init[1029]: ci-info: |   lo   | True |         127.0.0.1          |   255.0.0.0   |   .   |         .         |
[   27.426484] cloud-init[1029]: ci-info: |   lo   | True |          ::1/128           |       .       |  host |         .         |
[   27.426885] cloud-init[1029]: ci-info: +--------+------+----------------------------+---------------+-------+-------------------+
[   27.427262] cloud-init[1029]: ci-info: +++++++++++++++++++++++++++Route IPv4 info++++++++++++++++++++++++++++
[   27.427668] cloud-init[1029]: ci-info: +-------+-------------+----------+---------------+-----------+-------+
[   27.428035] cloud-init[1029]: ci-info: | Route | Destination | Gateway  |    Genmask    | Interface | Flags |
[   27.428420] cloud-init[1029]: ci-info: +-------+-------------+----------+---------------+-----------+-------+
[   27.429193] cloud-init[1029]: ci-info: |   0   |   0.0.0.0   | 10.0.2.2 |    0.0.0.0    |   enp0s3  |   UG  |
[   27.429597] cloud-init[1029]: ci-info: |   1   |   10.0.2.0  | 0.0.0.0  | 255.255.255.0 |   enp0s3  |   U   |
[   27.429949] cloud-init[1029]: ci-info: +-------+-------------+----------+---------------+-----------+-------+
[   27.430321] cloud-init[1029]: Generating public/private rsa key pair.
[   27.431078] cloud-init[1029]: Your identification has been saved in /etc/ssh/ssh_host_rsa_key.
[   27.431444] cloud-init[1029]: Your public key has been saved in /etc/ssh/ssh_host_rsa_key.pub.
[[0;32m  OK  [0m] Started ACPI Events Check.
[   27.431780] cloud-init[1029]: The key fingerprint is:
[   28.794049] cloud-init[1029]: SHA256:fXjo1miIIMWe7HVUDvBIF94g59guOdQZaHRWONar4LQ root@ubuntu-xenial
[   28.795043] cloud-init[1029]: The key's randomart image is:
[   28.796020] cloud-init[1029]: +---[RSA 2048]----+
[   28.797954] cloud-init[1029]: |     .=oX=o      |
[[0;32m  OK  [0m] Started Trigger resolvconf update for networkd DNS.
[   28.799026] cloud-init[1029]: |   . .o#+O.      |
[   29.162659] cloud-init[1029]: |    o.+.O.o.     |
[[0;32m  OK  [0m] Reached target Paths.
[[   29.162944] cloud-init[1029]: |   + oo+ ..o     |
[   29.309472] cloud-init[1029]: |  . =o=oS.+ o    |
[0;32m  OK  [0m] Started Daily Cleanup of Temporary Directories.
[   29.309606] cloud-init[1029]: |   o oE=.o =     |
[   29.510228] cloud-init[1029]: |    . . . = .    |
[[0;32m  OK  [0m] Started Timer to automatically refresh installed snaps.
[   29.510640] cloud-init[1029]: |         o       |
[   29.726621] cloud-init[1029]: |                 |
[[0;32m  OK  [0m] Reached target Timers.
[   29.726948] cloud-init[1029]: +----[SHA256]-----+
[   29.910773] cloud-init[1029]: Generating public/private dsa key pair.
[[0;32m  OK  [0m] Listening on UUID daemon activation socket.
[   29.910968] cloud-init[1029]: Your identification has been saved in /etc/ssh/ssh_host_dsa_key.
[   30.196947] cloud-init[1029]: Your public key has been saved in /etc/ssh/ssh_host_dsa_key.pub.
         [   30.197936] Starting LXD - unix socket.cloud-init
[1029]: The key fingerprint is:
[   30.305765] cloud-init[1029]: SHA256:eidh3UKgkMSLTlj3gNeEliuNHKBwet31BI0YeWQmvMQ root@ubuntu-xenial
[   30.306323] cloud-init[1029]: The key's randomart image is:
[[0;32m  OK  [0m] Reached target Network is Online.
[   30.306471] cloud-init[1029]: +---[DSA 1024]----+
[   30.660791] cloud-init[1029]: |o..+oO+=B+.      |
[   30.661179] cloud-init[1029]: |oo+.XoE*o+.      |
[   30.661683] cloud-init[1029]: |o+.O.*oo  o      |
[   30.662070] cloud-init[1029]: |..* + o  o .     |
[   30.662414] cloud-init[1029]: | o .    S o .    |
[   30.662476] cloud-init[1029]: |  .    o . .     |
[   30.662539] cloud-init[1029]: |      . o .      |
[   30.662597] cloud-init[1029]: |       . o       |
         Starting iSCSI initiator daemon (iscsid)...
[   30.662656] cloud-init[1029]: |                 |
[   31.228934] cloud-init[1029]: +----[SHA256]-----+
[   31.229903] cloud-init[1029]: Generating public/private ecdsa key pair.
[   31.230916] cloud-init[1029]: Your identification has been saved in /etc/ssh/ssh_host_ecdsa_key.
[   31.231883] cloud-init[1029]: Your public key has been saved in /etc/ssh/ssh_host_ecdsa_key.pub.
[   31.232919] cloud-init[1029]: The key fingerprint is:
[   31.233851] cloud-init[1029]: SHA256:MBJiBiJtWMQdxF5GjCdr9WVPqCqSPVdDE53o5aQjBb4 root@ubuntu-xenial
[   31.234776] cloud-init[1029]: The key's randomart image is:
[   31.235746] cloud-init[1029]: +---[ECDSA 256]---+
[   31.236808] cloud-init[1029]: |+B*++=o..+ o     |
[[0;32m  OK  [0m] Listening on Socket activation for snappy daemon.
[   31.237237] cloud-init[1029]: |+o+.=o* = O .    |
[   31.916311] cloud-init[1029]: | . ..B+= X o     |
[[0;32m  OK  [0m] Listening on LXD - unix socket.
[   31.917031] cloud-init[1029]: |    +..+O . .    |
[   32.092742] cloud-init[1029]: |   +  E+So       |
[   32.093212] cloud-init[1029]: |  o + o          |
[[0;32m  OK  [0m] Started iSCSI initiator daemon (iscsid).
[   32.093430] cloud-init[1029]: |   . +           |
[   32.281574] cloud-init[1029]: |                 |
[   32.281995] cloud-init[1029]: |                 |
         Starting Login to default iSCSI targets...
[[0;32m  OK  [0m] Reached target Sockets.
[[0;32m  OK  [0m] Reached target Basic System.
[   32.282188] cloud-init[1029]: +----[SHA256]-----+
[   32.588784] [cloud-init[0;32m  OK  [0m[1029]: ] Generating public/private ed25519 key pair.Started Deferred execution scheduler.

[   32.589595] cloud-init[1029]: Your identification has been saved in /etc/ssh/ssh_host_ed25519_key.
[   32.828506] [cloud-init[0;32m  OK  [0m[1029]: ] Your public key has been saved in /etc/ssh/ssh_host_ed25519_key.pub.Started ACPI event daemon.

[   32.829220] cloud-init[1029]: The key fingerprint is:
[   33.060794] cloud-init[1029]: SHA256:zRuS1bPlQV/5wh8jvIJv4HA2qbICgQ7rRpr18K3D4e8 root@ubuntu-xenial
[   33.061270] cloud-init[1029]: The key's randomart image is:
         Starting Accounts Service...
[   33.061442] cloud-init[1029]: +--[ED25519 256]--+
[   33.340370] cloud-init[1029]: |              . o|
[   33.340772] cloud-init[1029]: |           . . o.|
         Starting LSB: MD monitoring daemon...
[   33.340992] cloud-init[1029]: |.         . +.o o|
[[0;32m  OK  [0m] Started D-Bus System Message Bus.
[   33.563548] cloud-init[1029]: |o.       =   Bo+.|
[   33.692647] cloud-init[1029]: |o..     S * . +oo|
[   33.693187] cloud-init[1029]: |.+o .  . O + .  .|
[[0;32m  OK  [0m] Started Regular background program processing daemon.
[   33.693431] cloud-init[1029]: |+o.* o  * = .    |
[   33.928450]          cloud-initStarting Login Service...[1029]: 
|oo .*... . o     |
[   33.929085] cloud-init[1029]: |.   o*E   .      |
[   34.056788] cloud-init[1029]: +----[SHA256]-----+
         Starting LXD - container startup/shutdown...
         Starting LSB: Record successful boot for GRUB...
         Starting Apply the settings specified in cloud-config...
         Starting System Logging Service...
         Starting /etc/rc.local Compatibility...
[[0;32m  OK  [0m] Started FUSE filesystem for LXC.
         Starting Pollinate to seed the pseudo random number generator...
[[0;32m  OK  [0m] Started Snappy daemon.
         Starting Auto import assertions from block devices...
[[0;32m  OK  [0m] Started System Logging Service.
[[0;32m  OK  [0m] Started LXD - container startup/shutdown.
[[0;32m  OK  [0m] Started /etc/rc.local Compatibility.
[[0;32m  OK  [0m] Started Auto import assertions from block devices.
[   34.964417] cloud-init[1162]: Generating locales (this might take a while)...
[[0;32m  OK  [0m] Started Login to default iSCSI targets.
[[0;32m  OK  [0m] Started LSB: MD monitoring daemon.
[[0;32m  OK  [0m] Started LSB: Record successful boot for GRUB.
         Starting Authenticate and Authorize Users to Run Privileged Tasks...
[[0;32m  OK  [0m] Reached target Remote File Systems (Pre).
[[0;32m  OK  [0m] Reached target Remote File Systems.
         Starting LSB: automatic crash report generation...
         Starting LSB: VirtualBox Linux Additions...
         Starting LSB: Set the CPU Frequency Scaling governor to "ondemand"...
         Starting LSB: daemon to balance interrupts for SMP systems...
         Starting Permit User Sessions...
[[0;32m  OK  [0m] Started Permit User Sessions.
[[0;32m  OK  [0m] Started Login Service.
[[0;32m  OK  [0m] Started Authenticate and Authorize Users to Run Privileged Tasks.
[[0;32m  OK  [0m] Started Accounts Service.
[[0;32m  OK  [0m] Started LSB: automatic crash report generation.
[[0;32m  OK  [0m] Started LSB: Set the CPU Frequency Scaling governor to "ondemand".
[[0;32m  OK  [0m] Started LSB: VirtualBox Linux Additions.
         Starting Hold until boot process finishes up...
[   36.672796] cloud-init[1162]:   en_US.UTF-8... done
[   36.760501] cloud-init[1162]: Generation complete.
         Starting Terminate Plymouth Boot Screen...
[[0;32m  OK  [0m] Started LSB: daemon to balance interrupts for SMP systems.
[[0;32m  OK  [0m] Started Hold until boot process finishes up.
[[0;32m  OK  [0m] Started Terminate Plymouth Boot Screen.
         Starting Set console scheme...
[[0;32m  OK  [0m] Started Getty on tty1.
[[0;32m  OK  [0m] Started Serial Getty on ttyS0.
[[0;32m  OK  [0m] Reached target Login Prompts.
[[0;32m  OK  [0m] Started Set console scheme.
[[0;32m  OK  [0m] Stopped OpenBSD Secure Shell server.
         Starting OpenBSD Secure Shell server...
[[0;32m  OK  [0m] Started OpenBSD Secure Shell server.
[[0;32m  OK  [0m] Started Pollinate to seed the pseudo random number generator.
[[0;32m  OK  [0m] Reached target Multi-User System.
[[0;32m  OK  [0m] Reached target Graphical Interface.
         Starting Update UTMP about System Runlevel Changes...
[[0;32m  OK  [0m] Started Update UTMP about System Runlevel Changes.
[   38.061897] cloud-init[1162]: Cloud-init v. 0.7.8 running 'modules:config' at Wed, 11 Jan 2017 19:40:58 +0000. Up 34.76 seconds.
[[0;32m  OK  [0m] Started Apply the settings specified in cloud-config.
         Starting Execute cloud user/final scripts...
ci-info: no authorized ssh keys fingerprints found for user ubuntu.
<14>Jan 11 19:41:03 ec2: 
<14>Jan 11 19:41:03 ec2: #############################################################
<14>Jan 11 19:41:03 ec2: -----BEGIN SSH HOST KEY FINGERPRINTS-----
<14>Jan 11 19:41:03 ec2: 1024 SHA256:eidh3UKgkMSLTlj3gNeEliuNHKBwet31BI0YeWQmvMQ root@ubuntu-xenial (DSA)
<14>Jan 11 19:41:03 ec2: 256 SHA256:MBJiBiJtWMQdxF5GjCdr9WVPqCqSPVdDE53o5aQjBb4 root@ubuntu-xenial (ECDSA)
<14>Jan 11 19:41:03 ec2: 256 SHA256:zRuS1bPlQV/5wh8jvIJv4HA2qbICgQ7rRpr18K3D4e8 root@ubuntu-xenial (ED25519)
<14>Jan 11 19:41:03 ec2: 2048 SHA256:fXjo1miIIMWe7HVUDvBIF94g59guOdQZaHRWONar4LQ root@ubuntu-xenial (RSA)
<14>Jan 11 19:41:03 ec2: -----END SSH HOST KEY FINGERPRINTS-----
<14>Jan 11 19:41:03 ec2: #############################################################
-----BEGIN SSH HOST KEY KEYS-----
ecdsa-sha2-nistp256 AAAAE2VjZHNhLXNoYTItbmlzdHAyNTYAAAAIbmlzdHAyNTYAAABBBKjt3Sfz1k2QjjEEAjmAcNed70a0lycBlwHqvHyMe/TVU1qVBuD+YEPrxuhcFQhs8tpBCFO6NdjKyqlKuygL8bc= root@ubuntu-xenial
ssh-ed25519 AAAAC3NzaC1lZDI1NTE5AAAAIGjIl+i2KXuPnBCyEe3KSagSgxlIZVUx32VVx781NbXd root@ubuntu-xenial
ssh-rsa AAAAB3NzaC1yc2EAAAADAQABAAABAQCfnJw87WiO2Y5rh6g7RXGWJbZO2f5yC+IIRb2WUiHjl3WSNOCvE9BBuXjvJKzvDufYigTSYVk8wXHyskxvz0oLgl/GJPP7IWEr4XkgCiSS1s7YZ7UhWaavYqviEDvn4+/CNMQuObz1YsA2iy1haGB1UxuAxeFw4ZJ+ftLYcXz/uLy8O4ROj0UjV1Ue+c6nlkdyRrfBg5NDDZHHuoX8hcjdnnCQ27aOEx+p+27Ey0AkonEqHJeHiwfS4aFZ/RhorafHSg4XWpJgIlWHH5uY930AUm/CUIJd1LIpnOEBkrmcf/o3auUaBoC2rG4WFGXRBQUBTUaNKhMRTHKi4g4+En91 root@ubuntu-xenial
-----END SSH HOST KEY KEYS-----
[   40.771566] cloud-init[1401]: Cloud-init v. 0.7.8 running 'modules:final' at Wed, 11 Jan 2017 19:41:03 +0000. Up 38.93 seconds.
[   40.878508] cloud-init[1401]: ci-info: no authorized ssh keys fingerprints found for user ubuntu.
[   40.878870] cloud-init[[1401]: [0;32m  OK  [0mCloud-init v. 0.7.8 finished at Wed, 11 Jan 2017 19:41:04 +0000. Datasource DataSourceNoCloud [seed=/dev/sdb][dsmode=net].  Up 40.75 seconds] 
Started Execute cloud user/final scripts.
[[0;32m  OK  [0m] Reached target Cloud-init target.

Ubuntu 16.04.1 LTS ubuntu-xenial ttyS0

ubuntu-xenial login: 